<?xml version="1.0" encoding="UTF-8"?>
<testsuite name="SelectionSortTest" tests="4" skipped="0" failures="0" errors="0" timestamp="2024-09-26T14:30:27" hostname="aude-Latitude-5320" time="0.017">
  <properties/>
  <testcase name="testSelectionSort_duplicate_success()" classname="SelectionSortTest" time="0.011"/>
  <testcase name="testSelectionSort_negative_success()" classname="SelectionSortTest" time="0.0"/>
  <testcase name="testSelectionSort_success()" classname="SelectionSortTest" time="0.002"/>
  <testcase name="testSelectionSort_single_success()" classname="SelectionSortTest" time="0.001"/>
  <system-out><![CDATA[]]></system-out>
  <system-err><![CDATA[]]></system-err>
</testsuite>
